<?xml version="1.0" encoding="UTF-8"?>
<!-- Generated by org.testng.reporters.JUnitReportReporter -->
<testsuite hostname="DESKTOP-1PLAJR2" name="test.AssertTest" tests="1" failures="0" timestamp="8 Apr 2022 09:37:37 GMT" time="30.989" errors="0">
  <testcase name="f" time="30.989" classname="test.AssertTest"/>
</testsuite> <!-- test.AssertTest -->
