<?xml version="1.0" encoding="UTF-8"?>
<!-- Generated by org.testng.reporters.JUnitReportReporter -->
<testsuite hostname="DESKTOP-1PLAJR2" name="test.DataProvider1" tests="2" failures="0" timestamp="11 Apr 2022 10:30:04 GMT" time="0.011" errors="0">
  <testcase name="f" time="0.001" classname="test.DataProvider1"/>
  <testcase name="f" time="0.010" classname="test.DataProvider1"/>
</testsuite> <!-- test.DataProvider1 -->
