<?xml version="1.0" encoding="UTF-8"?>
<!-- Generated by org.testng.reporters.JUnitReportReporter -->
<testsuite hostname="DESKTOP-1PLAJR2" name="test.TestNG2" tests="2" failures="0" timestamp="8 Apr 2022 09:31:03 GMT" time="0.053" errors="0">
  <testcase name="a" time="0.052" classname="test.TestNG2"/>
  <testcase name="b" time="0.001" classname="test.TestNG2"/>
</testsuite> <!-- test.TestNG2 -->
