<?xml version="1.0" encoding="UTF-8"?>
<!-- Generated by org.testng.reporters.JUnitReportReporter -->
<testsuite hostname="DESKTOP-1PLAJR2" name="test.Subtraction" tests="1" failures="0" timestamp="11 Apr 2022 11:15:01 GMT" time="0.001" errors="0">
  <testcase name="subtraction" time="0.001" classname="test.Subtraction"/>
</testsuite> <!-- test.Subtraction -->
