<?xml version="1.0" encoding="UTF-8"?>
<!-- Generated by org.testng.reporters.JUnitReportReporter -->
<testsuite hostname="DESKTOP-1PLAJR2" name="test.TestNG1" tests="3" failures="0" timestamp="7 Apr 2022 15:29:11 GMT" time="0.017" errors="0">
  <testcase name="welcome" time="0.001" classname="test.TestNG1"/>
  <testcase name="hello" time="0.014" classname="test.TestNG1"/>
  <testcase name="automation" time="0.002" classname="test.TestNG1"/>
</testsuite> <!-- test.TestNG1 -->
