<?xml version="1.0" encoding="UTF-8"?>
<!-- Generated by org.testng.reporters.JUnitReportReporter -->
<testsuite hostname="DESKTOP-1PLAJR2" name="test.TestNG4" tests="1" failures="0" timestamp="11 Apr 2022 10:05:02 GMT" time="7.932" errors="0">
  <testcase name="f" time="7.932" classname="test.TestNG4"/>
</testsuite> <!-- test.TestNG4 -->
