<?xml version="1.0" encoding="UTF-8"?>
<!-- Generated by org.testng.reporters.JUnitReportReporter -->
<testsuite hostname="DESKTOP-1PLAJR2" name="test.Parameter1" tests="2" failures="0" timestamp="11 Apr 2022 11:04:41 GMT" time="0.014" errors="0">
  <testcase name="subtraction" time="0.001" classname="test.Parameter1"/>
  <testcase name="addition" time="0.013" classname="test.Parameter1"/>
</testsuite> <!-- test.Parameter1 -->
